success
success
success
success
success
success
success
success
success
success
success
success
success
success
success
success
success
success
success
success
success
success
success
success
success
success
success
success
success
success
success
success
success
success
success
success
success
success
success
success
1 5 7 6 19 10 
5 7 6 19 11 25 15 
12 14 1 5 7 6 19 11 25 
18 30 
2 10 19 6 
7 6 19 
14 17 27 24 16 
20 3 16 24 
failure
9 20 3 8 22 
lowest is 0.625
lowest is 1.46364
lowest is 0.291667
lowest is 1.25
lowest is 0.809524
lowest is 3.49384
lowest is 2.37234
lowest is 2.60404
lowest is 1.10185
4 9 20 3 16 
11 9 20 
17 27 
6 7 5 18 
13 22 8 1 5 7 6 19 
2 10 19 11 25 
8 1 5 7 6 19 11 25 15 
9 20 3 16 24 
14 1 5 18 30 
7 6 19 11 
lowest is 1.15833
lowest is 1.60455
lowest is 1.42211
failure
failure
lowest is 1.78333
lowest is 1.44318
lowest is 4.18999
lowest is 1.81397
lowest is 4.44117
